2024-07-03 13:18:45.2745|DEBUG|browserstack_sdk.Program|Resolving dependencies from command
2024-07-03 13:18:45.2854|INFO|browserstack_sdk.utils|Using dotnet: C:\Program Files\dotnet\dotnet.exe
2024-07-03 13:18:46.3472|DEBUG|browserstack_sdk.utils|Executing C:\Program Files\dotnet\dotnet.exe  : 0, 
  Determinando os projetos a serem restaurados...
  Todos os projetos estão atualizados para restauração.

2024-07-03 13:18:47.4840|DEBUG|browserstack_sdk.utils|Executing C:\Program Files\dotnet\dotnet.exe  : 0, 
O projeto 'AppiumAndroid' tem as seguintes referências de pacote
   [net8.0]: 
   Pacote de Nível Superior        Solicitado   Resolvido 
   > Appium.WebDriver              5.0.0-rc.7   5.0.0-rc.7
   > BrowserStack.TestAdapter      0.11.4       0.11.4    
   > coverlet.collector            6.0.0        6.0.0     
   > FluentAssertions              6.12.0       6.12.0    
   > Microsoft.NET.Test.Sdk        17.8.0       17.8.0    
   > Newtonsoft.Json               13.0.3       13.0.3    
   > NUnit                         4.1.0        4.1.0     
   > NUnit.Analyzers               3.9.0        3.9.0     
   > NUnit3TestAdapter             4.5.0        4.5.0     

   Pacote Transitivo                                                                    Resolvido          
   > Castle.Core                                                                        4.3.1              
   > Lib.Harmony                                                                        2.3.0-prerelease.5 
   > Microsoft.CodeAnalysis.Analyzers                                                   3.3.4              
   > Microsoft.CodeAnalysis.Common                                                      4.7.0              
   > Microsoft.CodeAnalysis.CSharp                                                      4.7.0              
   > Microsoft.CodeCoverage                                                             17.8.0             
   > Microsoft.CSharp                                                                   4.7.0              
   > Microsoft.NETCore.Platforms                                                        1.1.0              
   > Microsoft.NETCore.Targets                                                          1.1.0              
   > Microsoft.TestPlatform.ObjectModel                                                 17.8.0             
   > Microsoft.TestPlatform.TestHost                                                    17.8.0             
   > Microsoft.Win32.Primitives                                                         4.3.0              
   > Microsoft.Win32.SystemEvents                                                       8.0.0              
   > Mono.Cecil                                                                         0.11.5             
   > MonoMod.Backports                                                                  1.1.0-prerelease.2 
   > MonoMod.Core                                                                       1.1.0-prerelease.2 
   > MonoMod.ILHelpers                                                                  1.0.1-prerelease.2 
   > MonoMod.Utils                                                                      25.0.3-prerelease.2
   > NETStandard.Library                                                                1.6.1              
   > NLog                                                                               5.0.4              
   > NuGet.Frameworks                                                                   6.5.0              
   > PercyIO.Appium                                                                     3.0.2              
   > runtime.debian.8-x64.runtime.native.System.Security.Cryptography.OpenSsl           4.3.0              
   > runtime.fedora.23-x64.runtime.native.System.Security.Cryptography.OpenSsl          4.3.0              
   > runtime.fedora.24-x64.runtime.native.System.Security.Cryptography.OpenSsl          4.3.0              
   > runtime.native.System                                                              4.3.0              
   > runtime.native.System.IO.Compression                                               4.3.0              
   > runtime.native.System.Net.Http                                                     4.3.0              
   > runtime.native.System.Security.Cryptography.Apple                                  4.3.0              
   > runtime.native.System.Security.Cryptography.OpenSsl                                4.3.0              
   > runtime.opensuse.13.2-x64.runtime.native.System.Security.Cryptography.OpenSsl      4.3.0              
   > runtime.opensuse.42.1-x64.runtime.native.System.Security.Cryptography.OpenSsl      4.3.0              
   > runtime.osx.10.10-x64.runtime.native.System.Security.Cryptography.Apple            4.3.0              
   > runtime.osx.10.10-x64.runtime.native.System.Security.Cryptography.OpenSsl          4.3.0              
   > runtime.rhel.7-x64.runtime.native.System.Security.Cryptography.OpenSsl             4.3.0              
   > runtime.ubuntu.14.04-x64.runtime.native.System.Security.Cryptography.OpenSsl       4.3.0              
   > runtime.ubuntu.16.04-x64.runtime.native.System.Security.Cryptography.OpenSsl       4.3.0              
   > runtime.ubuntu.16.10-x64.runtime.native.System.Security.Cryptography.OpenSsl       4.3.0              
   > Selenium.Support                                                                   4.18.1             
   > Selenium.WebDriver                                                                 4.18.1             
   > Serilog                                                                            2.0.0              
   > System.AppContext                                                                  4.3.0              
   > System.Buffers                                                                     4.3.0              
   > System.CodeDom                                                                     7.0.0              
   > System.Collections                                                                 4.3.0              
   > System.Collections.Concurrent                                                      4.3.0              
   > System.Collections.Immutable                                                       7.0.0              
   > System.Collections.NonGeneric                                                      4.3.0              
   > System.Collections.Specialized                                                     4.3.0              
   > System.ComponentModel                                                              4.3.0              
   > System.ComponentModel.Primitives                                                   4.3.0              
   > System.ComponentModel.TypeConverter                                                4.3.0              
   > System.Configuration.ConfigurationManager                                          4.4.0              
   > System.Console                                                                     4.3.0              
   > System.Diagnostics.Debug                                                           4.3.0              
   > System.Diagnostics.DiagnosticSource                                                4.3.0              
   > System.Diagnostics.Tools                                                           4.3.0              
   > System.Diagnostics.TraceSource                                                     4.3.0              
   > System.Diagnostics.Tracing                                                         4.3.0              
   > System.Drawing.Common                                                              8.0.3              
   > System.Dynamic.Runtime                                                             4.3.0              
   > System.Globalization                                                               4.3.0              
   > System.Globalization.Calendars                                                     4.3.0              
   > System.Globalization.Extensions                                                    4.3.0              
   > System.IO                                                                          4.3.0              
   > System.IO.Compression                                                              4.3.0              
   > System.IO.Compression.ZipFile                                                      4.3.0              
   > System.IO.FileSystem                                                               4.3.0              
   > System.IO.FileSystem.Primitives                                                    4.3.0              
   > System.Linq                                                                        4.3.0              
   > System.Linq.Expressions                                                            4.3.0              
   > System.Management                                                                  7.0.1              
   > System.Net.Http                                                                    4.3.0              
   > System.Net.Primitives                                                              4.3.0              
   > System.Net.Sockets                                                                 4.3.0              
   > System.ObjectModel                                                                 4.3.0              
   > System.Reflection                                                                  4.3.0              
   > System.Reflection.Emit                                                             4.3.0              
   > System.Reflection.Emit.ILGeneration                                                4.3.0              
   > System.Reflection.Emit.Lightweight                                                 4.3.0              
   > System.Reflection.Extensions                                                       4.3.0              
   > System.Reflection.Metadata                                                         7.0.0              
   > System.Reflection.Primitives                                                       4.3.0              
   > System.Reflection.TypeExtensions                                                   4.3.0              
   > System.Resources.ResourceManager                                                   4.3.0              
   > System.Runtime                                                                     4.3.0              
   > System.Runtime.CompilerServices.Unsafe                                             6.0.0              
   > System.Runtime.Extensions                                                          4.3.0              
   > System.Runtime.Handles                                                             4.3.0              
   > System.Runtime.InteropServices                                                     4.3.0              
   > System.Runtime.InteropServices.RuntimeInformation                                  4.3.0              
   > System.Runtime.Numerics                                                            4.3.0              
   > System.Security.Cryptography.Algorithms                                            4.3.0              
   > System.Security.Cryptography.Cng                                                   4.3.0              
   > System.Security.Cryptography.Csp                                                   4.3.0              
   > System.Security.Cryptography.Encoding                                              4.3.0              
   > System.Security.Cryptography.OpenSsl                                               4.3.0              
   > System.Security.Cryptography.Primitives                                            4.3.0              
   > System.Security.Cryptography.ProtectedData                                         4.4.0              
   > System.Security.Cryptography.X509Certificates                                      4.3.0              
   > System.Text.Encoding                                                               4.3.0              
   > System.Text.Encoding.Extensions                                                    4.3.0              
   > System.Text.Encodings.Web                                                          8.0.0              
   > System.Text.Json                                                                   8.0.1              
   > System.Text.RegularExpressions                                                     4.3.0              
   > System.Threading                                                                   4.3.0              
   > System.Threading.Tasks                                                             4.3.0              
   > System.Threading.Tasks.Extensions                                                  4.3.0              
   > System.Threading.Timer                                                             4.3.0              
   > System.Xml.ReaderWriter                                                            4.3.0              
   > System.Xml.XDocument                                                               4.3.0              
   > System.Xml.XmlDocument                                                             4.3.0              


2024-07-03 13:18:47.4840|DEBUG|browserstack_sdk.utils|ExtractPackages: Got packages output: 
O projeto 'AppiumAndroid' tem as seguintes referências de pacote
   [net8.0]: 
   Pacote de Nível Superior        Solicitado   Resolvido 
   > Appium.WebDriver              5.0.0-rc.7   5.0.0-rc.7
   > BrowserStack.TestAdapter      0.11.4       0.11.4    
   > coverlet.collector            6.0.0        6.0.0     
   > FluentAssertions              6.12.0       6.12.0    
   > Microsoft.NET.Test.Sdk        17.8.0       17.8.0    
   > Newtonsoft.Json               13.0.3       13.0.3    
   > NUnit                         4.1.0        4.1.0     
   > NUnit.Analyzers               3.9.0        3.9.0     
   > NUnit3TestAdapter             4.5.0        4.5.0     

   Pacote Transitivo                                                                    Resolvido          
   > Castle.Core                                                                        4.3.1              
   > Lib.Harmony                                                                        2.3.0-prerelease.5 
   > Microsoft.CodeAnalysis.Analyzers                                                   3.3.4              
   > Microsoft.CodeAnalysis.Common                                                      4.7.0              
   > Microsoft.CodeAnalysis.CSharp                                                      4.7.0              
   > Microsoft.CodeCoverage                                                             17.8.0             
   > Microsoft.CSharp                                                                   4.7.0              
   > Microsoft.NETCore.Platforms                                                        1.1.0              
   > Microsoft.NETCore.Targets                                                          1.1.0              
   > Microsoft.TestPlatform.ObjectModel                                                 17.8.0             
   > Microsoft.TestPlatform.TestHost                                                    17.8.0             
   > Microsoft.Win32.Primitives                                                         4.3.0              
   > Microsoft.Win32.SystemEvents                                                       8.0.0              
   > Mono.Cecil                                                                         0.11.5             
   > MonoMod.Backports                                                                  1.1.0-prerelease.2 
   > MonoMod.Core                                                                       1.1.0-prerelease.2 
   > MonoMod.ILHelpers                                                                  1.0.1-prerelease.2 
   > MonoMod.Utils                                                                      25.0.3-prerelease.2
   > NETStandard.Library                                                                1.6.1              
   > NLog                                                                               5.0.4              
   > NuGet.Frameworks                                                                   6.5.0              
   > PercyIO.Appium                                                                     3.0.2              
   > runtime.debian.8-x64.runtime.native.System.Security.Cryptography.OpenSsl           4.3.0              
   > runtime.fedora.23-x64.runtime.native.System.Security.Cryptography.OpenSsl          4.3.0              
   > runtime.fedora.24-x64.runtime.native.System.Security.Cryptography.OpenSsl          4.3.0              
   > runtime.native.System                                                              4.3.0              
   > runtime.native.System.IO.Compression                                               4.3.0              
   > runtime.native.System.Net.Http                                                     4.3.0              
   > runtime.native.System.Security.Cryptography.Apple                                  4.3.0              
   > runtime.native.System.Security.Cryptography.OpenSsl                                4.3.0              
   > runtime.opensuse.13.2-x64.runtime.native.System.Security.Cryptography.OpenSsl      4.3.0              
   > runtime.opensuse.42.1-x64.runtime.native.System.Security.Cryptography.OpenSsl      4.3.0              
   > runtime.osx.10.10-x64.runtime.native.System.Security.Cryptography.Apple            4.3.0              
   > runtime.osx.10.10-x64.runtime.native.System.Security.Cryptography.OpenSsl          4.3.0              
   > runtime.rhel.7-x64.runtime.native.System.Security.Cryptography.OpenSsl             4.3.0              
   > runtime.ubuntu.14.04-x64.runtime.native.System.Security.Cryptography.OpenSsl       4.3.0              
   > runtime.ubuntu.16.04-x64.runtime.native.System.Security.Cryptography.OpenSsl       4.3.0              
   > runtime.ubuntu.16.10-x64.runtime.native.System.Security.Cryptography.OpenSsl       4.3.0              
   > Selenium.Support                                                                   4.18.1             
   > Selenium.WebDriver                                                                 4.18.1             
   > Serilog                                                                            2.0.0              
   > System.AppContext                                                                  4.3.0              
   > System.Buffers                                                                     4.3.0              
   > System.CodeDom                                                                     7.0.0              
   > System.Collections                                                                 4.3.0              
   > System.Collections.Concurrent                                                      4.3.0              
   > System.Collections.Immutable                                                       7.0.0              
   > System.Collections.NonGeneric                                                      4.3.0              
   > System.Collections.Specialized                                                     4.3.0              
   > System.ComponentModel                                                              4.3.0              
   > System.ComponentModel.Primitives                                                   4.3.0              
   > System.ComponentModel.TypeConverter                                                4.3.0              
   > System.Configuration.ConfigurationManager                                          4.4.0              
   > System.Console                                                                     4.3.0              
   > System.Diagnostics.Debug                                                           4.3.0              
   > System.Diagnostics.DiagnosticSource                                                4.3.0              
   > System.Diagnostics.Tools                                                           4.3.0              
   > System.Diagnostics.TraceSource                                                     4.3.0              
   > System.Diagnostics.Tracing                                                         4.3.0              
   > System.Drawing.Common                                                              8.0.3              
   > System.Dynamic.Runtime                                                             4.3.0              
   > System.Globalization                                                               4.3.0              
   > System.Globalization.Calendars                                                     4.3.0              
   > System.Globalization.Extensions                                                    4.3.0              
   > System.IO                                                                          4.3.0              
   > System.IO.Compression                                                              4.3.0              
   > System.IO.Compression.ZipFile                                                      4.3.0              
   > System.IO.FileSystem                                                               4.3.0              
   > System.IO.FileSystem.Primitives                                                    4.3.0              
   > System.Linq                                                                        4.3.0              
   > System.Linq.Expressions                                                            4.3.0              
   > System.Management                                                                  7.0.1              
   > System.Net.Http                                                                    4.3.0              
   > System.Net.Primitives                                                              4.3.0              
   > System.Net.Sockets                                                                 4.3.0              
   > System.ObjectModel                                                                 4.3.0              
   > System.Reflection                                                                  4.3.0              
   > System.Reflection.Emit                                                             4.3.0              
   > System.Reflection.Emit.ILGeneration                                                4.3.0              
   > System.Reflection.Emit.Lightweight                                                 4.3.0              
   > System.Reflection.Extensions                                                       4.3.0              
   > System.Reflection.Metadata                                                         7.0.0              
   > System.Reflection.Primitives                                                       4.3.0              
   > System.Reflection.TypeExtensions                                                   4.3.0              
   > System.Resources.ResourceManager                                                   4.3.0              
   > System.Runtime                                                                     4.3.0              
   > System.Runtime.CompilerServices.Unsafe                                             6.0.0              
   > System.Runtime.Extensions                                                          4.3.0              
   > System.Runtime.Handles                                                             4.3.0              
   > System.Runtime.InteropServices                                                     4.3.0              
   > System.Runtime.InteropServices.RuntimeInformation                                  4.3.0              
   > System.Runtime.Numerics                                                            4.3.0              
   > System.Security.Cryptography.Algorithms                                            4.3.0              
   > System.Security.Cryptography.Cng                                                   4.3.0              
   > System.Security.Cryptography.Csp                                                   4.3.0              
   > System.Security.Cryptography.Encoding                                              4.3.0              
   > System.Security.Cryptography.OpenSsl                                               4.3.0              
   > System.Security.Cryptography.Primitives                                            4.3.0              
   > System.Security.Cryptography.ProtectedData                                         4.4.0              
   > System.Security.Cryptography.X509Certificates                                      4.3.0              
   > System.Text.Encoding                                                               4.3.0              
   > System.Text.Encoding.Extensions                                                    4.3.0              
   > System.Text.Encodings.Web                                                          8.0.0              
   > System.Text.Json                                                                   8.0.1              
   > System.Text.RegularExpressions                                                     4.3.0              
   > System.Threading                                                                   4.3.0              
   > System.Threading.Tasks                                                             4.3.0              
   > System.Threading.Tasks.Extensions                                                  4.3.0              
   > System.Threading.Timer                                                             4.3.0              
   > System.Xml.ReaderWriter                                                            4.3.0              
   > System.Xml.XDocument                                                               4.3.0              
   > System.Xml.XmlDocument                                                             4.3.0              


2024-07-03 13:18:47.4840|INFO|browserstack_sdk.Program|Detected Selenium version 4.18.1
2024-07-03 13:18:47.4840|INFO|browserstack_sdk.Program|Detected Appium version 5.0.0-rc.7

2024-07-03 13:18:47.4840|DEBUG|browserstack_sdk.Program|Running for f/w nunit 4.1.0
2024-07-03 13:18:47.6102|DEBUG|browserstack_sdk.utils|Executing dotnet  : 0, 
8.0.202

2024-07-03 13:18:47.6102|INFO|browserstack_sdk.Program|Detected dotnet version 8.0.202
2024-07-03 13:18:47.6222|ERROR|browserstack_sdk.Program|Uncaught exception occured: System.Exception: Config file does not exist at any parent directory of . Please include a browserstack.yml/browserstack.yaml file containing configuration for tests.
   at browserstack_sdk.YamlParser.parse(String browserStackConfigFilePath, JObject cliArgs, String projectDir) in D:\a\browserstack-csharp-sdk\browserstack-csharp-sdk\run-browserstack\browserstack-sdk\ParseYaml.cs:line 644
   at browserstack_sdk.Program.Main(String[] args) in D:\a\browserstack-csharp-sdk\browserstack-csharp-sdk\run-browserstack\browserstack-sdk\Program.cs:line 583
2024-07-03 13:19:06.6275|DEBUG|browserstack_sdk.Program|Resolving dependencies from command
2024-07-03 13:19:06.6275|INFO|browserstack_sdk.utils|Using dotnet: C:\Program Files\dotnet\dotnet.exe
2024-07-03 13:19:07.5477|DEBUG|browserstack_sdk.utils|Executing C:\Program Files\dotnet\dotnet.exe  : 0, 
  Determinando os projetos a serem restaurados...
  Todos os projetos estão atualizados para restauração.

2024-07-03 13:19:08.5471|DEBUG|browserstack_sdk.utils|Executing C:\Program Files\dotnet\dotnet.exe  : 0, 
O projeto 'AppiumAndroid' tem as seguintes referências de pacote
   [net8.0]: 
   Pacote de Nível Superior        Solicitado   Resolvido 
   > Appium.WebDriver              5.0.0-rc.7   5.0.0-rc.7
   > BrowserStack.TestAdapter      0.11.4       0.11.4    
   > coverlet.collector            6.0.0        6.0.0     
   > FluentAssertions              6.12.0       6.12.0    
   > Microsoft.NET.Test.Sdk        17.8.0       17.8.0    
   > Newtonsoft.Json               13.0.3       13.0.3    
   > NUnit                         4.1.0        4.1.0     
   > NUnit.Analyzers               3.9.0        3.9.0     
   > NUnit3TestAdapter             4.5.0        4.5.0     

   Pacote Transitivo                                                                    Resolvido          
   > Castle.Core                                                                        4.3.1              
   > Lib.Harmony                                                                        2.3.0-prerelease.5 
   > Microsoft.CodeAnalysis.Analyzers                                                   3.3.4              
   > Microsoft.CodeAnalysis.Common                                                      4.7.0              
   > Microsoft.CodeAnalysis.CSharp                                                      4.7.0              
   > Microsoft.CodeCoverage                                                             17.8.0             
   > Microsoft.CSharp                                                                   4.7.0              
   > Microsoft.NETCore.Platforms                                                        1.1.0              
   > Microsoft.NETCore.Targets                                                          1.1.0              
   > Microsoft.TestPlatform.ObjectModel                                                 17.8.0             
   > Microsoft.TestPlatform.TestHost                                                    17.8.0             
   > Microsoft.Win32.Primitives                                                         4.3.0              
   > Microsoft.Win32.SystemEvents                                                       8.0.0              
   > Mono.Cecil                                                                         0.11.5             
   > MonoMod.Backports                                                                  1.1.0-prerelease.2 
   > MonoMod.Core                                                                       1.1.0-prerelease.2 
   > MonoMod.ILHelpers                                                                  1.0.1-prerelease.2 
   > MonoMod.Utils                                                                      25.0.3-prerelease.2
   > NETStandard.Library                                                                1.6.1              
   > NLog                                                                               5.0.4              
   > NuGet.Frameworks                                                                   6.5.0              
   > PercyIO.Appium                                                                     3.0.2              
   > runtime.debian.8-x64.runtime.native.System.Security.Cryptography.OpenSsl           4.3.0              
   > runtime.fedora.23-x64.runtime.native.System.Security.Cryptography.OpenSsl          4.3.0              
   > runtime.fedora.24-x64.runtime.native.System.Security.Cryptography.OpenSsl          4.3.0              
   > runtime.native.System                                                              4.3.0              
   > runtime.native.System.IO.Compression                                               4.3.0              
   > runtime.native.System.Net.Http                                                     4.3.0              
   > runtime.native.System.Security.Cryptography.Apple                                  4.3.0              
   > runtime.native.System.Security.Cryptography.OpenSsl                                4.3.0              
   > runtime.opensuse.13.2-x64.runtime.native.System.Security.Cryptography.OpenSsl      4.3.0              
   > runtime.opensuse.42.1-x64.runtime.native.System.Security.Cryptography.OpenSsl      4.3.0              
   > runtime.osx.10.10-x64.runtime.native.System.Security.Cryptography.Apple            4.3.0              
   > runtime.osx.10.10-x64.runtime.native.System.Security.Cryptography.OpenSsl          4.3.0              
   > runtime.rhel.7-x64.runtime.native.System.Security.Cryptography.OpenSsl             4.3.0              
   > runtime.ubuntu.14.04-x64.runtime.native.System.Security.Cryptography.OpenSsl       4.3.0              
   > runtime.ubuntu.16.04-x64.runtime.native.System.Security.Cryptography.OpenSsl       4.3.0              
   > runtime.ubuntu.16.10-x64.runtime.native.System.Security.Cryptography.OpenSsl       4.3.0              
   > Selenium.Support                                                                   4.18.1             
   > Selenium.WebDriver                                                                 4.18.1             
   > Serilog                                                                            2.0.0              
   > System.AppContext                                                                  4.3.0              
   > System.Buffers                                                                     4.3.0              
   > System.CodeDom                                                                     7.0.0              
   > System.Collections                                                                 4.3.0              
   > System.Collections.Concurrent                                                      4.3.0              
   > System.Collections.Immutable                                                       7.0.0              
   > System.Collections.NonGeneric                                                      4.3.0              
   > System.Collections.Specialized                                                     4.3.0              
   > System.ComponentModel                                                              4.3.0              
   > System.ComponentModel.Primitives                                                   4.3.0              
   > System.ComponentModel.TypeConverter                                                4.3.0              
   > System.Configuration.ConfigurationManager                                          4.4.0              
   > System.Console                                                                     4.3.0              
   > System.Diagnostics.Debug                                                           4.3.0              
   > System.Diagnostics.DiagnosticSource                                                4.3.0              
   > System.Diagnostics.Tools                                                           4.3.0              
   > System.Diagnostics.TraceSource                                                     4.3.0              
   > System.Diagnostics.Tracing                                                         4.3.0              
   > System.Drawing.Common                                                              8.0.3              
   > System.Dynamic.Runtime                                                             4.3.0              
   > System.Globalization                                                               4.3.0              
   > System.Globalization.Calendars                                                     4.3.0              
   > System.Globalization.Extensions                                                    4.3.0              
   > System.IO                                                                          4.3.0              
   > System.IO.Compression                                                              4.3.0              
   > System.IO.Compression.ZipFile                                                      4.3.0              
   > System.IO.FileSystem                                                               4.3.0              
   > System.IO.FileSystem.Primitives                                                    4.3.0              
   > System.Linq                                                                        4.3.0              
   > System.Linq.Expressions                                                            4.3.0              
   > System.Management                                                                  7.0.1              
   > System.Net.Http                                                                    4.3.0              
   > System.Net.Primitives                                                              4.3.0              
   > System.Net.Sockets                                                                 4.3.0              
   > System.ObjectModel                                                                 4.3.0              
   > System.Reflection                                                                  4.3.0              
   > System.Reflection.Emit                                                             4.3.0              
   > System.Reflection.Emit.ILGeneration                                                4.3.0              
   > System.Reflection.Emit.Lightweight                                                 4.3.0              
   > System.Reflection.Extensions                                                       4.3.0              
   > System.Reflection.Metadata                                                         7.0.0              
   > System.Reflection.Primitives                                                       4.3.0              
   > System.Reflection.TypeExtensions                                                   4.3.0              
   > System.Resources.ResourceManager                                                   4.3.0              
   > System.Runtime                                                                     4.3.0              
   > System.Runtime.CompilerServices.Unsafe                                             6.0.0              
   > System.Runtime.Extensions                                                          4.3.0              
   > System.Runtime.Handles                                                             4.3.0              
   > System.Runtime.InteropServices                                                     4.3.0              
   > System.Runtime.InteropServices.RuntimeInformation                                  4.3.0              
   > System.Runtime.Numerics                                                            4.3.0              
   > System.Security.Cryptography.Algorithms                                            4.3.0              
   > System.Security.Cryptography.Cng                                                   4.3.0              
   > System.Security.Cryptography.Csp                                                   4.3.0              
   > System.Security.Cryptography.Encoding                                              4.3.0              
   > System.Security.Cryptography.OpenSsl                                               4.3.0              
   > System.Security.Cryptography.Primitives                                            4.3.0              
   > System.Security.Cryptography.ProtectedData                                         4.4.0              
   > System.Security.Cryptography.X509Certificates                                      4.3.0              
   > System.Text.Encoding                                                               4.3.0              
   > System.Text.Encoding.Extensions                                                    4.3.0              
   > System.Text.Encodings.Web                                                          8.0.0              
   > System.Text.Json                                                                   8.0.1              
   > System.Text.RegularExpressions                                                     4.3.0              
   > System.Threading                                                                   4.3.0              
   > System.Threading.Tasks                                                             4.3.0              
   > System.Threading.Tasks.Extensions                                                  4.3.0              
   > System.Threading.Timer                                                             4.3.0              
   > System.Xml.ReaderWriter                                                            4.3.0              
   > System.Xml.XDocument                                                               4.3.0              
   > System.Xml.XmlDocument                                                             4.3.0              


2024-07-03 13:19:08.5471|DEBUG|browserstack_sdk.utils|ExtractPackages: Got packages output: 
O projeto 'AppiumAndroid' tem as seguintes referências de pacote
   [net8.0]: 
   Pacote de Nível Superior        Solicitado   Resolvido 
   > Appium.WebDriver              5.0.0-rc.7   5.0.0-rc.7
   > BrowserStack.TestAdapter      0.11.4       0.11.4    
   > coverlet.collector            6.0.0        6.0.0     
   > FluentAssertions              6.12.0       6.12.0    
   > Microsoft.NET.Test.Sdk        17.8.0       17.8.0    
   > Newtonsoft.Json               13.0.3       13.0.3    
   > NUnit                         4.1.0        4.1.0     
   > NUnit.Analyzers               3.9.0        3.9.0     
   > NUnit3TestAdapter             4.5.0        4.5.0     

   Pacote Transitivo                                                                    Resolvido          
   > Castle.Core                                                                        4.3.1              
   > Lib.Harmony                                                                        2.3.0-prerelease.5 
   > Microsoft.CodeAnalysis.Analyzers                                                   3.3.4              
   > Microsoft.CodeAnalysis.Common                                                      4.7.0              
   > Microsoft.CodeAnalysis.CSharp                                                      4.7.0              
   > Microsoft.CodeCoverage                                                             17.8.0             
   > Microsoft.CSharp                                                                   4.7.0              
   > Microsoft.NETCore.Platforms                                                        1.1.0              
   > Microsoft.NETCore.Targets                                                          1.1.0              
   > Microsoft.TestPlatform.ObjectModel                                                 17.8.0             
   > Microsoft.TestPlatform.TestHost                                                    17.8.0             
   > Microsoft.Win32.Primitives                                                         4.3.0              
   > Microsoft.Win32.SystemEvents                                                       8.0.0              
   > Mono.Cecil                                                                         0.11.5             
   > MonoMod.Backports                                                                  1.1.0-prerelease.2 
   > MonoMod.Core                                                                       1.1.0-prerelease.2 
   > MonoMod.ILHelpers                                                                  1.0.1-prerelease.2 
   > MonoMod.Utils                                                                      25.0.3-prerelease.2
   > NETStandard.Library                                                                1.6.1              
   > NLog                                                                               5.0.4              
   > NuGet.Frameworks                                                                   6.5.0              
   > PercyIO.Appium                                                                     3.0.2              
   > runtime.debian.8-x64.runtime.native.System.Security.Cryptography.OpenSsl           4.3.0              
   > runtime.fedora.23-x64.runtime.native.System.Security.Cryptography.OpenSsl          4.3.0              
   > runtime.fedora.24-x64.runtime.native.System.Security.Cryptography.OpenSsl          4.3.0              
   > runtime.native.System                                                              4.3.0              
   > runtime.native.System.IO.Compression                                               4.3.0              
   > runtime.native.System.Net.Http                                                     4.3.0              
   > runtime.native.System.Security.Cryptography.Apple                                  4.3.0              
   > runtime.native.System.Security.Cryptography.OpenSsl                                4.3.0              
   > runtime.opensuse.13.2-x64.runtime.native.System.Security.Cryptography.OpenSsl      4.3.0              
   > runtime.opensuse.42.1-x64.runtime.native.System.Security.Cryptography.OpenSsl      4.3.0              
   > runtime.osx.10.10-x64.runtime.native.System.Security.Cryptography.Apple            4.3.0              
   > runtime.osx.10.10-x64.runtime.native.System.Security.Cryptography.OpenSsl          4.3.0              
   > runtime.rhel.7-x64.runtime.native.System.Security.Cryptography.OpenSsl             4.3.0              
   > runtime.ubuntu.14.04-x64.runtime.native.System.Security.Cryptography.OpenSsl       4.3.0              
   > runtime.ubuntu.16.04-x64.runtime.native.System.Security.Cryptography.OpenSsl       4.3.0              
   > runtime.ubuntu.16.10-x64.runtime.native.System.Security.Cryptography.OpenSsl       4.3.0              
   > Selenium.Support                                                                   4.18.1             
   > Selenium.WebDriver                                                                 4.18.1             
   > Serilog                                                                            2.0.0              
   > System.AppContext                                                                  4.3.0              
   > System.Buffers                                                                     4.3.0              
   > System.CodeDom                                                                     7.0.0              
   > System.Collections                                                                 4.3.0              
   > System.Collections.Concurrent                                                      4.3.0              
   > System.Collections.Immutable                                                       7.0.0              
   > System.Collections.NonGeneric                                                      4.3.0              
   > System.Collections.Specialized                                                     4.3.0              
   > System.ComponentModel                                                              4.3.0              
   > System.ComponentModel.Primitives                                                   4.3.0              
   > System.ComponentModel.TypeConverter                                                4.3.0              
   > System.Configuration.ConfigurationManager                                          4.4.0              
   > System.Console                                                                     4.3.0              
   > System.Diagnostics.Debug                                                           4.3.0              
   > System.Diagnostics.DiagnosticSource                                                4.3.0              
   > System.Diagnostics.Tools                                                           4.3.0              
   > System.Diagnostics.TraceSource                                                     4.3.0              
   > System.Diagnostics.Tracing                                                         4.3.0              
   > System.Drawing.Common                                                              8.0.3              
   > System.Dynamic.Runtime                                                             4.3.0              
   > System.Globalization                                                               4.3.0              
   > System.Globalization.Calendars                                                     4.3.0              
   > System.Globalization.Extensions                                                    4.3.0              
   > System.IO                                                                          4.3.0              
   > System.IO.Compression                                                              4.3.0              
   > System.IO.Compression.ZipFile                                                      4.3.0              
   > System.IO.FileSystem                                                               4.3.0              
   > System.IO.FileSystem.Primitives                                                    4.3.0              
   > System.Linq                                                                        4.3.0              
   > System.Linq.Expressions                                                            4.3.0              
   > System.Management                                                                  7.0.1              
   > System.Net.Http                                                                    4.3.0              
   > System.Net.Primitives                                                              4.3.0              
   > System.Net.Sockets                                                                 4.3.0              
   > System.ObjectModel                                                                 4.3.0              
   > System.Reflection                                                                  4.3.0              
   > System.Reflection.Emit                                                             4.3.0              
   > System.Reflection.Emit.ILGeneration                                                4.3.0              
   > System.Reflection.Emit.Lightweight                                                 4.3.0              
   > System.Reflection.Extensions                                                       4.3.0              
   > System.Reflection.Metadata                                                         7.0.0              
   > System.Reflection.Primitives                                                       4.3.0              
   > System.Reflection.TypeExtensions                                                   4.3.0              
   > System.Resources.ResourceManager                                                   4.3.0              
   > System.Runtime                                                                     4.3.0              
   > System.Runtime.CompilerServices.Unsafe                                             6.0.0              
   > System.Runtime.Extensions                                                          4.3.0              
   > System.Runtime.Handles                                                             4.3.0              
   > System.Runtime.InteropServices                                                     4.3.0              
   > System.Runtime.InteropServices.RuntimeInformation                                  4.3.0              
   > System.Runtime.Numerics                                                            4.3.0              
   > System.Security.Cryptography.Algorithms                                            4.3.0              
   > System.Security.Cryptography.Cng                                                   4.3.0              
   > System.Security.Cryptography.Csp                                                   4.3.0              
   > System.Security.Cryptography.Encoding                                              4.3.0              
   > System.Security.Cryptography.OpenSsl                                               4.3.0              
   > System.Security.Cryptography.Primitives                                            4.3.0              
   > System.Security.Cryptography.ProtectedData                                         4.4.0              
   > System.Security.Cryptography.X509Certificates                                      4.3.0              
   > System.Text.Encoding                                                               4.3.0              
   > System.Text.Encoding.Extensions                                                    4.3.0              
   > System.Text.Encodings.Web                                                          8.0.0              
   > System.Text.Json                                                                   8.0.1              
   > System.Text.RegularExpressions                                                     4.3.0              
   > System.Threading                                                                   4.3.0              
   > System.Threading.Tasks                                                             4.3.0              
   > System.Threading.Tasks.Extensions                                                  4.3.0              
   > System.Threading.Timer                                                             4.3.0              
   > System.Xml.ReaderWriter                                                            4.3.0              
   > System.Xml.XDocument                                                               4.3.0              
   > System.Xml.XmlDocument                                                             4.3.0              


2024-07-03 13:19:08.5471|INFO|browserstack_sdk.Program|Detected Selenium version 4.18.1
2024-07-03 13:19:08.5471|INFO|browserstack_sdk.Program|Detected Appium version 5.0.0-rc.7

2024-07-03 13:19:08.5471|DEBUG|browserstack_sdk.Program|Running for f/w nunit 4.1.0
2024-07-03 13:19:08.6757|DEBUG|browserstack_sdk.utils|Executing dotnet  : 0, 
8.0.202

2024-07-03 13:19:08.6757|INFO|browserstack_sdk.Program|Detected dotnet version 8.0.202
2024-07-03 13:19:08.6872|ERROR|browserstack_sdk.Program|Uncaught exception occured: System.Exception: Config file does not exist at any parent directory of . Please include a browserstack.yml/browserstack.yaml file containing configuration for tests.
   at browserstack_sdk.YamlParser.parse(String browserStackConfigFilePath, JObject cliArgs, String projectDir) in D:\a\browserstack-csharp-sdk\browserstack-csharp-sdk\run-browserstack\browserstack-sdk\ParseYaml.cs:line 644
   at browserstack_sdk.Program.Main(String[] args) in D:\a\browserstack-csharp-sdk\browserstack-csharp-sdk\run-browserstack\browserstack-sdk\Program.cs:line 583
2024-07-03 13:19:10.7315|INFO|browserstack_sdk.Program|HandleAdapterProcessExit: registering process exit handler for pid: 1496
2024-07-03 13:19:10.7639|DEBUG|browserstack_sdk.Program|Resolving dependencies from command
2024-07-03 13:19:10.7639|INFO|browserstack_sdk.utils|Using dotnet: C:\Program Files\dotnet\dotnet.exe
2024-07-03 13:19:11.8046|DEBUG|browserstack_sdk.utils|Executing C:\Program Files\dotnet\dotnet.exe  : 0, 
  Determinando os projetos a serem restaurados...
  Todos os projetos estão atualizados para restauração.

2024-07-03 13:19:12.8991|DEBUG|browserstack_sdk.utils|Executing C:\Program Files\dotnet\dotnet.exe  : 0, 
O projeto 'AppiumAndroid' tem as seguintes referências de pacote
   [net8.0]: 
   Pacote de Nível Superior        Solicitado   Resolvido 
   > Appium.WebDriver              5.0.0-rc.7   5.0.0-rc.7
   > BrowserStack.TestAdapter      0.11.4       0.11.4    
   > coverlet.collector            6.0.0        6.0.0     
   > FluentAssertions              6.12.0       6.12.0    
   > Microsoft.NET.Test.Sdk        17.8.0       17.8.0    
   > Newtonsoft.Json               13.0.3       13.0.3    
   > NUnit                         4.1.0        4.1.0     
   > NUnit.Analyzers               3.9.0        3.9.0     
   > NUnit3TestAdapter             4.5.0        4.5.0     

   Pacote Transitivo                                                                    Resolvido          
   > Castle.Core                                                                        4.3.1              
   > Lib.Harmony                                                                        2.3.0-prerelease.5 
   > Microsoft.CodeAnalysis.Analyzers                                                   3.3.4              
   > Microsoft.CodeAnalysis.Common                                                      4.7.0              
   > Microsoft.CodeAnalysis.CSharp                                                      4.7.0              
   > Microsoft.CodeCoverage                                                             17.8.0             
   > Microsoft.CSharp                                                                   4.7.0              
   > Microsoft.NETCore.Platforms                                                        1.1.0              
   > Microsoft.NETCore.Targets                                                          1.1.0              
   > Microsoft.TestPlatform.ObjectModel                                                 17.8.0             
   > Microsoft.TestPlatform.TestHost                                                    17.8.0             
   > Microsoft.Win32.Primitives                                                         4.3.0              
   > Microsoft.Win32.SystemEvents                                                       8.0.0              
   > Mono.Cecil                                                                         0.11.5             
   > MonoMod.Backports                                                                  1.1.0-prerelease.2 
   > MonoMod.Core                                                                       1.1.0-prerelease.2 
   > MonoMod.ILHelpers                                                                  1.0.1-prerelease.2 
   > MonoMod.Utils                                                                      25.0.3-prerelease.2
   > NETStandard.Library                                                                1.6.1              
   > NLog                                                                               5.0.4              
   > NuGet.Frameworks                                                                   6.5.0              
   > PercyIO.Appium                                                                     3.0.2              
   > runtime.debian.8-x64.runtime.native.System.Security.Cryptography.OpenSsl           4.3.0              
   > runtime.fedora.23-x64.runtime.native.System.Security.Cryptography.OpenSsl          4.3.0              
   > runtime.fedora.24-x64.runtime.native.System.Security.Cryptography.OpenSsl          4.3.0              
   > runtime.native.System                                                              4.3.0              
   > runtime.native.System.IO.Compression                                               4.3.0              
   > runtime.native.System.Net.Http                                                     4.3.0              
   > runtime.native.System.Security.Cryptography.Apple                                  4.3.0              
   > runtime.native.System.Security.Cryptography.OpenSsl                                4.3.0              
   > runtime.opensuse.13.2-x64.runtime.native.System.Security.Cryptography.OpenSsl      4.3.0              
   > runtime.opensuse.42.1-x64.runtime.native.System.Security.Cryptography.OpenSsl      4.3.0              
   > runtime.osx.10.10-x64.runtime.native.System.Security.Cryptography.Apple            4.3.0              
   > runtime.osx.10.10-x64.runtime.native.System.Security.Cryptography.OpenSsl          4.3.0              
   > runtime.rhel.7-x64.runtime.native.System.Security.Cryptography.OpenSsl             4.3.0              
   > runtime.ubuntu.14.04-x64.runtime.native.System.Security.Cryptography.OpenSsl       4.3.0              
   > runtime.ubuntu.16.04-x64.runtime.native.System.Security.Cryptography.OpenSsl       4.3.0              
   > runtime.ubuntu.16.10-x64.runtime.native.System.Security.Cryptography.OpenSsl       4.3.0              
   > Selenium.Support                                                                   4.18.1             
   > Selenium.WebDriver                                                                 4.18.1             
   > Serilog                                                                            2.0.0              
   > System.AppContext                                                                  4.3.0              
   > System.Buffers                                                                     4.3.0              
   > System.CodeDom                                                                     7.0.0              
   > System.Collections                                                                 4.3.0              
   > System.Collections.Concurrent                                                      4.3.0              
   > System.Collections.Immutable                                                       7.0.0              
   > System.Collections.NonGeneric                                                      4.3.0              
   > System.Collections.Specialized                                                     4.3.0              
   > System.ComponentModel                                                              4.3.0              
   > System.ComponentModel.Primitives                                                   4.3.0              
   > System.ComponentModel.TypeConverter                                                4.3.0              
   > System.Configuration.ConfigurationManager                                          4.4.0              
   > System.Console                                                                     4.3.0              
   > System.Diagnostics.Debug                                                           4.3.0              
   > System.Diagnostics.DiagnosticSource                                                4.3.0              
   > System.Diagnostics.Tools                                                           4.3.0              
   > System.Diagnostics.TraceSource                                                     4.3.0              
   > System.Diagnostics.Tracing                                                         4.3.0              
   > System.Drawing.Common                                                              8.0.3              
   > System.Dynamic.Runtime                                                             4.3.0              
   > System.Globalization                                                               4.3.0              
   > System.Globalization.Calendars                                                     4.3.0              
   > System.Globalization.Extensions                                                    4.3.0              
   > System.IO                                                                          4.3.0              
   > System.IO.Compression                                                              4.3.0              
   > System.IO.Compression.ZipFile                                                      4.3.0              
   > System.IO.FileSystem                                                               4.3.0              
   > System.IO.FileSystem.Primitives                                                    4.3.0              
   > System.Linq                                                                        4.3.0              
   > System.Linq.Expressions                                                            4.3.0              
   > System.Management                                                                  7.0.1              
   > System.Net.Http                                                                    4.3.0              
   > System.Net.Primitives                                                              4.3.0              
   > System.Net.Sockets                                                                 4.3.0              
   > System.ObjectModel                                                                 4.3.0              
   > System.Reflection                                                                  4.3.0              
   > System.Reflection.Emit                                                             4.3.0              
   > System.Reflection.Emit.ILGeneration                                                4.3.0              
   > System.Reflection.Emit.Lightweight                                                 4.3.0              
   > System.Reflection.Extensions                                                       4.3.0              
   > System.Reflection.Metadata                                                         7.0.0              
   > System.Reflection.Primitives                                                       4.3.0              
   > System.Reflection.TypeExtensions                                                   4.3.0              
   > System.Resources.ResourceManager                                                   4.3.0              
   > System.Runtime                                                                     4.3.0              
   > System.Runtime.CompilerServices.Unsafe                                             6.0.0              
   > System.Runtime.Extensions                                                          4.3.0              
   > System.Runtime.Handles                                                             4.3.0              
   > System.Runtime.InteropServices                                                     4.3.0              
   > System.Runtime.InteropServices.RuntimeInformation                                  4.3.0              
   > System.Runtime.Numerics                                                            4.3.0              
   > System.Security.Cryptography.Algorithms                                            4.3.0              
   > System.Security.Cryptography.Cng                                                   4.3.0              
   > System.Security.Cryptography.Csp                                                   4.3.0              
   > System.Security.Cryptography.Encoding                                              4.3.0              
   > System.Security.Cryptography.OpenSsl                                               4.3.0              
   > System.Security.Cryptography.Primitives                                            4.3.0              
   > System.Security.Cryptography.ProtectedData                                         4.4.0              
   > System.Security.Cryptography.X509Certificates                                      4.3.0              
   > System.Text.Encoding                                                               4.3.0              
   > System.Text.Encoding.Extensions                                                    4.3.0              
   > System.Text.Encodings.Web                                                          8.0.0              
   > System.Text.Json                                                                   8.0.1              
   > System.Text.RegularExpressions                                                     4.3.0              
   > System.Threading                                                                   4.3.0              
   > System.Threading.Tasks                                                             4.3.0              
   > System.Threading.Tasks.Extensions                                                  4.3.0              
   > System.Threading.Timer                                                             4.3.0              
   > System.Xml.ReaderWriter                                                            4.3.0              
   > System.Xml.XDocument                                                               4.3.0              
   > System.Xml.XmlDocument                                                             4.3.0              


2024-07-03 13:19:12.8991|DEBUG|browserstack_sdk.utils|ExtractPackages: Got packages output: 
O projeto 'AppiumAndroid' tem as seguintes referências de pacote
   [net8.0]: 
   Pacote de Nível Superior        Solicitado   Resolvido 
   > Appium.WebDriver              5.0.0-rc.7   5.0.0-rc.7
   > BrowserStack.TestAdapter      0.11.4       0.11.4    
   > coverlet.collector            6.0.0        6.0.0     
   > FluentAssertions              6.12.0       6.12.0    
   > Microsoft.NET.Test.Sdk        17.8.0       17.8.0    
   > Newtonsoft.Json               13.0.3       13.0.3    
   > NUnit                         4.1.0        4.1.0     
   > NUnit.Analyzers               3.9.0        3.9.0     
   > NUnit3TestAdapter             4.5.0        4.5.0     

   Pacote Transitivo                                                                    Resolvido          
   > Castle.Core                                                                        4.3.1              
   > Lib.Harmony                                                                        2.3.0-prerelease.5 
   > Microsoft.CodeAnalysis.Analyzers                                                   3.3.4              
   > Microsoft.CodeAnalysis.Common                                                      4.7.0              
   > Microsoft.CodeAnalysis.CSharp                                                      4.7.0              
   > Microsoft.CodeCoverage                                                             17.8.0             
   > Microsoft.CSharp                                                                   4.7.0              
   > Microsoft.NETCore.Platforms                                                        1.1.0              
   > Microsoft.NETCore.Targets                                                          1.1.0              
   > Microsoft.TestPlatform.ObjectModel                                                 17.8.0             
   > Microsoft.TestPlatform.TestHost                                                    17.8.0             
   > Microsoft.Win32.Primitives                                                         4.3.0              
   > Microsoft.Win32.SystemEvents                                                       8.0.0              
   > Mono.Cecil                                                                         0.11.5             
   > MonoMod.Backports                                                                  1.1.0-prerelease.2 
   > MonoMod.Core                                                                       1.1.0-prerelease.2 
   > MonoMod.ILHelpers                                                                  1.0.1-prerelease.2 
   > MonoMod.Utils                                                                      25.0.3-prerelease.2
   > NETStandard.Library                                                                1.6.1              
   > NLog                                                                               5.0.4              
   > NuGet.Frameworks                                                                   6.5.0              
   > PercyIO.Appium                                                                     3.0.2              
   > runtime.debian.8-x64.runtime.native.System.Security.Cryptography.OpenSsl           4.3.0              
   > runtime.fedora.23-x64.runtime.native.System.Security.Cryptography.OpenSsl          4.3.0              
   > runtime.fedora.24-x64.runtime.native.System.Security.Cryptography.OpenSsl          4.3.0              
   > runtime.native.System                                                              4.3.0              
   > runtime.native.System.IO.Compression                                               4.3.0              
   > runtime.native.System.Net.Http                                                     4.3.0              
   > runtime.native.System.Security.Cryptography.Apple                                  4.3.0              
   > runtime.native.System.Security.Cryptography.OpenSsl                                4.3.0              
   > runtime.opensuse.13.2-x64.runtime.native.System.Security.Cryptography.OpenSsl      4.3.0              
   > runtime.opensuse.42.1-x64.runtime.native.System.Security.Cryptography.OpenSsl      4.3.0              
   > runtime.osx.10.10-x64.runtime.native.System.Security.Cryptography.Apple            4.3.0              
   > runtime.osx.10.10-x64.runtime.native.System.Security.Cryptography.OpenSsl          4.3.0              
   > runtime.rhel.7-x64.runtime.native.System.Security.Cryptography.OpenSsl             4.3.0              
   > runtime.ubuntu.14.04-x64.runtime.native.System.Security.Cryptography.OpenSsl       4.3.0              
   > runtime.ubuntu.16.04-x64.runtime.native.System.Security.Cryptography.OpenSsl       4.3.0              
   > runtime.ubuntu.16.10-x64.runtime.native.System.Security.Cryptography.OpenSsl       4.3.0              
   > Selenium.Support                                                                   4.18.1             
   > Selenium.WebDriver                                                                 4.18.1             
   > Serilog                                                                            2.0.0              
   > System.AppContext                                                                  4.3.0              
   > System.Buffers                                                                     4.3.0              
   > System.CodeDom                                                                     7.0.0              
   > System.Collections                                                                 4.3.0              
   > System.Collections.Concurrent                                                      4.3.0              
   > System.Collections.Immutable                                                       7.0.0              
   > System.Collections.NonGeneric                                                      4.3.0              
   > System.Collections.Specialized                                                     4.3.0              
   > System.ComponentModel                                                              4.3.0              
   > System.ComponentModel.Primitives                                                   4.3.0              
   > System.ComponentModel.TypeConverter                                                4.3.0              
   > System.Configuration.ConfigurationManager                                          4.4.0              
   > System.Console                                                                     4.3.0              
   > System.Diagnostics.Debug                                                           4.3.0              
   > System.Diagnostics.DiagnosticSource                                                4.3.0              
   > System.Diagnostics.Tools                                                           4.3.0              
   > System.Diagnostics.TraceSource                                                     4.3.0              
   > System.Diagnostics.Tracing                                                         4.3.0              
   > System.Drawing.Common                                                              8.0.3              
   > System.Dynamic.Runtime                                                             4.3.0              
   > System.Globalization                                                               4.3.0              
   > System.Globalization.Calendars                                                     4.3.0              
   > System.Globalization.Extensions                                                    4.3.0              
   > System.IO                                                                          4.3.0              
   > System.IO.Compression                                                              4.3.0              
   > System.IO.Compression.ZipFile                                                      4.3.0              
   > System.IO.FileSystem                                                               4.3.0              
   > System.IO.FileSystem.Primitives                                                    4.3.0              
   > System.Linq                                                                        4.3.0              
   > System.Linq.Expressions                                                            4.3.0              
   > System.Management                                                                  7.0.1              
   > System.Net.Http                                                                    4.3.0              
   > System.Net.Primitives                                                              4.3.0              
   > System.Net.Sockets                                                                 4.3.0              
   > System.ObjectModel                                                                 4.3.0              
   > System.Reflection                                                                  4.3.0              
   > System.Reflection.Emit                                                             4.3.0              
   > System.Reflection.Emit.ILGeneration                                                4.3.0              
   > System.Reflection.Emit.Lightweight                                                 4.3.0              
   > System.Reflection.Extensions                                                       4.3.0              
   > System.Reflection.Metadata                                                         7.0.0              
   > System.Reflection.Primitives                                                       4.3.0              
   > System.Reflection.TypeExtensions                                                   4.3.0              
   > System.Resources.ResourceManager                                                   4.3.0              
   > System.Runtime                                                                     4.3.0              
   > System.Runtime.CompilerServices.Unsafe                                             6.0.0              
   > System.Runtime.Extensions                                                          4.3.0              
   > System.Runtime.Handles                                                             4.3.0              
   > System.Runtime.InteropServices                                                     4.3.0              
   > System.Runtime.InteropServices.RuntimeInformation                                  4.3.0              
   > System.Runtime.Numerics                                                            4.3.0              
   > System.Security.Cryptography.Algorithms                                            4.3.0              
   > System.Security.Cryptography.Cng                                                   4.3.0              
   > System.Security.Cryptography.Csp                                                   4.3.0              
   > System.Security.Cryptography.Encoding                                              4.3.0              
   > System.Security.Cryptography.OpenSsl                                               4.3.0              
   > System.Security.Cryptography.Primitives                                            4.3.0              
   > System.Security.Cryptography.ProtectedData                                         4.4.0              
   > System.Security.Cryptography.X509Certificates                                      4.3.0              
   > System.Text.Encoding                                                               4.3.0              
   > System.Text.Encoding.Extensions                                                    4.3.0              
   > System.Text.Encodings.Web                                                          8.0.0              
   > System.Text.Json                                                                   8.0.1              
   > System.Text.RegularExpressions                                                     4.3.0              
   > System.Threading                                                                   4.3.0              
   > System.Threading.Tasks                                                             4.3.0              
   > System.Threading.Tasks.Extensions                                                  4.3.0              
   > System.Threading.Timer                                                             4.3.0              
   > System.Xml.ReaderWriter                                                            4.3.0              
   > System.Xml.XDocument                                                               4.3.0              
   > System.Xml.XmlDocument                                                             4.3.0              


2024-07-03 13:19:12.8991|INFO|browserstack_sdk.Program|Detected Selenium version 4.18.1
2024-07-03 13:19:12.8991|INFO|browserstack_sdk.Program|Detected Appium version 5.0.0-rc.7

2024-07-03 13:19:12.8991|DEBUG|browserstack_sdk.Program|Running for f/w nunit 4.1.0
2024-07-03 13:19:13.0308|DEBUG|browserstack_sdk.utils|Executing dotnet  : 0, 
8.0.202

2024-07-03 13:19:13.0308|INFO|browserstack_sdk.Program|Detected dotnet version 8.0.202
2024-07-03 13:19:13.0308|ERROR|browserstack_sdk.Program|Uncaught exception occured: System.Exception: Config file does not exist at any parent directory of . Please include a browserstack.yml/browserstack.yaml file containing configuration for tests.
   at browserstack_sdk.YamlParser.parse(String browserStackConfigFilePath, JObject cliArgs, String projectDir) in D:\a\browserstack-csharp-sdk\browserstack-csharp-sdk\run-browserstack\browserstack-sdk\ParseYaml.cs:line 644
   at browserstack_sdk.Program.Main(String[] args) in D:\a\browserstack-csharp-sdk\browserstack-csharp-sdk\run-browserstack\browserstack-sdk\Program.cs:line 583
